<?xml version="1.0" encoding="UTF-8"?>
<!-- Generated by org.testng.reporters.JUnitXMLReporter -->
<testsuite hostname="DESKTOP-MD2112N" name="Test" tests="5" failures="0" timestamp="22 Apr 2021 00:42:46 GMT" time="166.359" errors="0">
  <testcase name="priceValidationTest" time="38.22" classname="com.appiumframework.testcases.ProductsPriceValidation"/>
  <testcase name="priceValidationTest" time="38.146" classname="com.appiumframework.testcases.ProductsPriceValidation"/>
  <testcase name="priceValidationTest" time="22.233" classname="com.appiumframework.testcases.ProductsPriceValidation">
    <skipped/>
  </testcase> <!-- priceValidationTest -->
  <testcase name="ApiDemoTest" time="29.164" classname="com.appiumframework.testcases.ApiDemoTestPageObject"/>
  <testcase name="ApiDemoTest" time="33.532" classname="com.appiumframework.testcases.ApiDemoTestPageObject"/>
</testsuite> <!-- Test -->
