<?xml version="1.0" encoding="UTF-8"?>
<!-- Generated by org.testng.reporters.JUnitXMLReporter -->
<testsuite hostname="DESKTOP-MD2112N" name="Test" tests="5" failures="0" timestamp="22 Apr 2021 03:43:43 GMT" time="171.007" errors="0">
  <testcase name="priceValidationTest" time="40.747" classname="com.appiumframework.testcases.ProductsPriceValidation"/>
  <testcase name="priceValidationTest" time="38.186" classname="com.appiumframework.testcases.ProductsPriceValidation"/>
  <testcase name="priceValidationTest" time="22.584" classname="com.appiumframework.testcases.ProductsPriceValidation">
    <skipped/>
  </testcase> <!-- priceValidationTest -->
  <testcase name="ApiDemoTest" time="30.641" classname="com.appiumframework.testcases.ApiDemoTestPageObject"/>
  <testcase name="ApiDemoTest" time="33.75" classname="com.appiumframework.testcases.ApiDemoTestPageObject"/>
</testsuite> <!-- Test -->
