<?xml version="1.0" encoding="UTF-8"?>
<testng-results skipped="1" failed="0" total="5" passed="4">
  <reporter-output>
  </reporter-output>
  <suite name="Suite" duration-ms="171007" started-at="2021-04-22T03:40:52Z" finished-at="2021-04-22T03:43:43Z">
    <groups>
    </groups>
    <test name="Test" duration-ms="171007" started-at="2021-04-22T03:40:52Z" finished-at="2021-04-22T03:43:43Z">
      <class name="com.appiumframework.testcases.ApiDemoTestPageObject">
        <test-method status="PASS" signature="KillAllNodesAndInitReport()[pri:0, instance:com.appiumframework.testcases.ApiDemoTestPageObject@e3b3b2f]" name="KillAllNodesAndInitReport" is-config="true" duration-ms="5071" started-at="2021-04-22T13:40:52Z" finished-at="2021-04-22T13:40:57Z">
          <reporter-output>
          </reporter-output>
        </test-method> <!-- KillAllNodesAndInitReport -->
        <test-method status="PASS" signature="ApiDemoTest(java.lang.String)[pri:0, instance:com.appiumframework.testcases.ApiDemoTestPageObject@e3b3b2f]" name="ApiDemoTest" duration-ms="30641" started-at="2021-04-22T13:42:39Z" data-provider="InputData" finished-at="2021-04-22T13:43:09Z">
          <params>
            <param index="0">
              <value>
                <![CDATA[Ajay]]>
              </value>
            </param>
          </params>
          <reporter-output>
          </reporter-output>
        </test-method> <!-- ApiDemoTest -->
        <test-method status="PASS" signature="ApiDemoTest(java.lang.String)[pri:0, instance:com.appiumframework.testcases.ApiDemoTestPageObject@e3b3b2f]" name="ApiDemoTest" duration-ms="33750" started-at="2021-04-22T13:43:09Z" data-provider="InputData" finished-at="2021-04-22T13:43:43Z">
          <params>
            <param index="0">
              <value>
                <![CDATA[!@#$%]]>
              </value>
            </param>
          </params>
          <reporter-output>
          </reporter-output>
        </test-method> <!-- ApiDemoTest -->
      </class> <!-- com.appiumframework.testcases.ApiDemoTestPageObject -->
      <class name="com.appiumframework.testcases.ProductsPriceValidation">
        <test-method status="PASS" signature="priceValidationTest(java.util.Hashtable)[pri:0, instance:com.appiumframework.testcases.ProductsPriceValidation@2f01783a]" name="priceValidationTest" duration-ms="40747" started-at="2021-04-22T13:40:57Z" data-provider="data" finished-at="2021-04-22T13:41:38Z">
          <params>
            <param index="0">
              <value>
                <![CDATA[{name=Tom, Runmode=Y, country=Australia}]]>
              </value>
            </param>
          </params>
          <reporter-output>
          </reporter-output>
        </test-method> <!-- priceValidationTest -->
        <test-method status="PASS" signature="priceValidationTest(java.util.Hashtable)[pri:0, instance:com.appiumframework.testcases.ProductsPriceValidation@2f01783a]" name="priceValidationTest" duration-ms="38186" started-at="2021-04-22T13:41:38Z" data-provider="data" finished-at="2021-04-22T13:42:16Z">
          <params>
            <param index="0">
              <value>
                <![CDATA[{name=San, Runmode=Y, country=Argentina}]]>
              </value>
            </param>
          </params>
          <reporter-output>
          </reporter-output>
        </test-method> <!-- priceValidationTest -->
        <test-method status="SKIP" signature="priceValidationTest(java.util.Hashtable)[pri:0, instance:com.appiumframework.testcases.ProductsPriceValidation@2f01783a]" name="priceValidationTest" duration-ms="22584" started-at="2021-04-22T13:42:16Z" data-provider="data" finished-at="2021-04-22T13:42:39Z">
          <params>
            <param index="0">
              <value>
                <![CDATA[{name=Smith, Runmode=N, country=Toom}]]>
              </value>
            </param>
          </params>
          <exception class="org.testng.SkipException">
            <message>
              <![CDATA[Test skipped since rumode is N]]>
            </message>
            <full-stacktrace>
              <![CDATA[org.testng.SkipException: Test skipped since rumode is N
	at com.appiumframework.testcases.ProductsPriceValidation.priceValidationTest(ProductsPriceValidation.java:39)
	at sun.reflect.NativeMethodAccessorImpl.invoke0(Native Method)
	at sun.reflect.NativeMethodAccessorImpl.invoke(NativeMethodAccessorImpl.java:62)
	at sun.reflect.DelegatingMethodAccessorImpl.invoke(DelegatingMethodAccessorImpl.java:43)
	at java.lang.reflect.Method.invoke(Method.java:498)
	at org.testng.internal.MethodInvocationHelper.invokeMethod(MethodInvocationHelper.java:80)
	at org.testng.internal.Invoker.invokeMethod(Invoker.java:715)
	at org.testng.internal.Invoker.invokeTestMethod(Invoker.java:907)
	at org.testng.internal.Invoker.invokeTestMethods(Invoker.java:1237)
	at org.testng.internal.TestMethodWorker.invokeTestMethods(TestMethodWorker.java:127)
	at org.testng.internal.TestMethodWorker.run(TestMethodWorker.java:111)
	at org.testng.TestRunner.privateRun(TestRunner.java:767)
	at org.testng.TestRunner.run(TestRunner.java:617)
	at org.testng.SuiteRunner.runTest(SuiteRunner.java:334)
	at org.testng.SuiteRunner.runSequentially(SuiteRunner.java:329)
	at org.testng.SuiteRunner.privateRun(SuiteRunner.java:291)
	at org.testng.SuiteRunner.run(SuiteRunner.java:240)
	at org.testng.SuiteRunnerWorker.runSuite(SuiteRunnerWorker.java:51)
	at org.testng.SuiteRunnerWorker.run(SuiteRunnerWorker.java:85)
	at org.testng.TestNG.runSuitesSequentially(TestNG.java:1197)
	at org.testng.TestNG.runSuitesLocally(TestNG.java:1122)
	at org.testng.TestNG.run(TestNG.java:1030)
	at org.apache.maven.surefire.testng.TestNGExecutor.run(TestNGExecutor.java:283)
	at org.apache.maven.surefire.testng.TestNGXmlTestSuite.execute(TestNGXmlTestSuite.java:75)
	at org.apache.maven.surefire.testng.TestNGProvider.invoke(TestNGProvider.java:120)
	at org.apache.maven.surefire.booter.ForkedBooter.runSuitesInProcess(ForkedBooter.java:377)
	at org.apache.maven.surefire.booter.ForkedBooter.execute(ForkedBooter.java:138)
	at org.apache.maven.surefire.booter.ForkedBooter.run(ForkedBooter.java:465)
	at org.apache.maven.surefire.booter.ForkedBooter.main(ForkedBooter.java:451)
]]>
            </full-stacktrace>
          </exception> <!-- org.testng.SkipException -->
          <reporter-output>
          </reporter-output>
        </test-method> <!-- priceValidationTest -->
      </class> <!-- com.appiumframework.testcases.ProductsPriceValidation -->
    </test> <!-- Test -->
  </suite> <!-- Suite -->
</testng-results>
