<?xml version="1.0" encoding="UTF-8"?>
<testsuite xmlns:xsi="http://www.w3.org/2001/XMLSchema-instance" xsi:noNamespaceSchemaLocation="https://maven.apache.org/surefire/maven-surefire-plugin/xsd/surefire-test-report-3.0.xsd" version="3.0" name="TestSuite" time="173.618" tests="5" errors="0" skipped="1" failures="0">
  <properties>
[...]
</properties>
  <testcase name="priceValidationTest" classname="com.appiumframework.testcases.ProductsPriceValidation" time="40.747"/>
  <testcase name="priceValidationTest" classname="com.appiumframework.testcases.ProductsPriceValidation" time="38.187"/>
  <testcase name="priceValidationTest" classname="com.appiumframework.testcases.ProductsPriceValidation" time="0">
    <skipped message="Test skipped since rumode is N"/>
    <system-out><![CDATA[&amp#27;[35m[Appium]&amp#27;[39m Welcome to Appium v1.16.0
&amp#27;[35m[Appium]&amp#27;[39m Appium REST http interface listener started on 0.0.0.0:4723
&amp#27;[35m[HTTP]&amp#27;[39m &amp#27;[37m-->&amp#27;[39m &amp#27;[37mGET&amp#27;[39m &amp#27;[37m/wd/hub/status&amp#27;[39m
&amp#27;[35m[HTTP]&amp#27;[39m &amp#27;[90m{}&amp#27;[39m
[debug] &amp#27;[35m[GENERIC]&amp#27;[39m Calling AppiumDriver.getStatus() with args: []
[debug] &amp#27;[35m[GENERIC]&amp#27;[39m Responding to client with driver.getStatus() result: {"build":{"version":"1.16.0"}}
&amp#27;[35m[HTTP]&amp#27;[39m &amp#27;[37m<-- GET /wd/hub/status &amp#27;[39m&amp#27;[32m200&amp#27;[39m &amp#27;[90m6 ms - 68&amp#27;[39m
&amp#27;[35m[HTTP]&amp#27;[39m &amp#27;[90m&amp#27;[39m
&amp#27;[35m[HTTP]&amp#27;[39m &amp#27;[37m-->&amp#27;[39m &amp#27;[37mPOST&amp#27;[39m &amp#27;[37m/wd/hub/session&amp#27;[39m
&amp#27;[35m[HTTP]&amp#27;[39m &amp#27;[90m{"desiredCapabilities":{"app":"C:\\eclipseprojects\\MobileTestingFramework\\AppToTest\\General-Store.apk","automationName":"uiautomator2","platformName":"Android","deviceName":"AjayEmulator","newCommandTimeout":10},"capabilities":{"firstMatch":[{"appium:app":"C:\\eclipseprojects\\MobileTestingFramework\\AppToTest\\General-Store.apk","appium:automationName":"uiautomator2","appium:deviceName":"AjayEmulator","appium:newCommandTimeout":10,"platformName":"android"}]}}&amp#27;[39m
[debug] &amp#27;[35m[W3C]&amp#27;[39m Calling AppiumDriver.createSession() with args: [{"app":"C:\\eclipseprojects\\MobileTestingFramework\\AppToTest\\General-Store.apk","automationName":"uiautomator2","platformName":"Android","deviceName":"AjayEmulator","newCommandTimeout":10},null,{"firstMatch":[{"appium:app":"C:\\eclipseprojects\\MobileTestingFramework\\AppToTest\\General-Store.apk","appium:automationName":"uiautomator2","appium:deviceName":"AjayEmulator","appium:newCommandTimeout":10,"platformName":"android"}]}]
[debug] &amp#27;[35m[BaseDriver]&amp#27;[39m Event 'newSessionRequested' logged at 1619062945335 (13:42:25 GMT+1000 (Australian Eastern Standard Time))
&amp#27;[35m[Appium]&amp#27;[39m Appium v1.16.0 creating new AndroidUiautomator2Driver (v1.40.0) session
[debug] &amp#27;[35m[BaseDriver]&amp#27;[39m W3C capabilities and MJSONWP desired capabilities were provided
[debug] &amp#27;[35m[BaseDriver]&amp#27;[39m Creating session with W3C capabilities: {
[debug] &amp#27;[35m[BaseDriver]&amp#27;[39m   "alwaysMatch": {
[debug] &amp#27;[35m[BaseDriver]&amp#27;[39m     "platformName": "android",
[debug] &amp#27;[35m[BaseDriver]&amp#27;[39m     "appium:app": "C:\\eclipseprojects\\MobileTestingFramework\\AppToTest\\General-Store.apk",
[debug] &amp#27;[35m[BaseDriver]&amp#27;[39m     "appium:automationName": "uiautomator2",
[debug] &amp#27;[35m[BaseDriver]&amp#27;[39m     "appium:deviceName": "AjayEmulator",
[debug] &amp#27;[35m[BaseDriver]&amp#27;[39m     "appium:newCommandTimeout": 10
[debug] &amp#27;[35m[BaseDriver]&amp#27;[39m   },
[debug] &amp#27;[35m[BaseDriver]&amp#27;[39m   "firstMatch": [
[debug] &amp#27;[35m[BaseDriver]&amp#27;[39m     {}
[debug] &amp#27;[35m[BaseDriver]&amp#27;[39m   ]
[debug] &amp#27;[35m[BaseDriver]&amp#27;[39m }
&amp#27;[35m[BaseDriver]&amp#27;[39m Session created with session id: 3b24afd2-8db2-426e-92ac-6a09c70720fc
&amp#27;[35m[BaseDriver]&amp#27;[39m Using local app 'C:\eclipseprojects\MobileTestingFramework\AppToTest\General-Store.apk'
[debug] &amp#27;[35m[UiAutomator2]&amp#27;[39m Checking whether app is actually present
&amp#27;[35m[ADB]&amp#27;[39m Found 2 'build-tools' folders under 'C:\Users\ajayr\AppData\Local\Android\sdk' (newest first):
&amp#27;[35m[ADB]&amp#27;[39m     C:/Users/ajayr/AppData/Local/Android/sdk/build-tools/29.0.3
&amp#27;[35m[ADB]&amp#27;[39m     C:/Users/ajayr/AppData/Local/Android/sdk/build-tools/25.0.2
&amp#27;[35m[ADB]&amp#27;[39m Using 'adb.exe' from 'C:\Users\ajayr\AppData\Local\Android\sdk\platform-tools\adb.exe'
&amp#27;[35m[AndroidDriver]&amp#27;[39m Retrieving device list
[debug] &amp#27;[35m[ADB]&amp#27;[39m Trying to find a connected android device
[debug] &amp#27;[35m[ADB]&amp#27;[39m Getting connected devices...
[debug] &amp#27;[35m[ADB]&amp#27;[39m Connected devices: [{"udid":"emulator-5554","state":"device"},{"udid":"emulator-5556","state":"device"}]
&amp#27;[35m[AndroidDriver]&amp#27;[39m Using device: emulator-5554
&amp#27;[35m[ADB]&amp#27;[39m Using 'adb.exe' from 'C:\Users\ajayr\AppData\Local\Android\sdk\platform-tools\adb.exe'
[debug] &amp#27;[35m[ADB]&amp#27;[39m Setting device id to emulator-5554
[debug] &amp#27;[35m[ADB]&amp#27;[39m Running 'C:\Users\ajayr\AppData\Local\Android\sdk\platform-tools\adb.exe -P 5037 -s emulator-5554 shell getprop ro.build.version.sdk'
[debug] &amp#27;[35m[ADB]&amp#27;[39m Current device property 'ro.build.version.sdk': 25
[debug] &amp#27;[35m[ADB]&amp#27;[39m Device API level: 25
[debug] &amp#27;[35m[AndroidDriver]&amp#27;[39m Parsing package and activity from app manifest
&amp#27;[35m[ADB]&amp#27;[39m Package name: 'com.androidsample.generalstore'
&amp#27;[35m[ADB]&amp#27;[39m Main activity name: 'com.androidsample.generalstore.SplashActivity'
[debug] &amp#27;[35m[AndroidDriver]&amp#27;[39m Parsed package and activity are: com.androidsample.generalstore/com.androidsample.generalstore.SplashActivity
[debug] &amp#27;[35m[ADB]&amp#27;[39m Running 'C:\Users\ajayr\AppData\Local\Android\sdk\platform-tools\adb.exe -P 5037 -s emulator-5554 wait-for-device'
[debug] &amp#27;[35m[ADB]&amp#27;[39m Running 'C:\Users\ajayr\AppData\Local\Android\sdk\platform-tools\adb.exe -P 5037 -s emulator-5554 shell echo ping'
[debug] &amp#27;[35m[AndroidDriver]&amp#27;[39m Pushing settings apk to device...
[debug] &amp#27;[35m[ADB]&amp#27;[39m Getting install status for io.appium.settings
[debug] &amp#27;[35m[ADB]&amp#27;[39m Running 'C:\Users\ajayr\AppData\Local\Android\sdk\platform-tools\adb.exe -P 5037 -s emulator-5554 shell dumpsys package io.appium.settings'
[debug] &amp#27;[35m[ADB]&amp#27;[39m 'io.appium.settings' is installed
[debug] &amp#27;[35m[ADB]&amp#27;[39m Getting package info for 'io.appium.settings'
[debug] &amp#27;[35m[ADB]&amp#27;[39m Running 'C:\Users\ajayr\AppData\Local\Android\sdk\platform-tools\adb.exe -P 5037 -s emulator-5554 shell dumpsys package io.appium.settings'
[debug] &amp#27;[35m[ADB]&amp#27;[39m The version name of the installed 'io.appium.settings' is greater or equal to the application version name ('2.15.0' >= '2.15.0')
[debug] &amp#27;[35m[ADB]&amp#27;[39m There is no need to install/upgrade 'C:\Users\ajayr\AppData\Roaming\npm\node_modules\appium\node_modules\io.appium.settings\apks\settings_apk-debug.apk'
[debug] &amp#27;[35m[ADB]&amp#27;[39m Getting IDs of all 'io.appium.settings' processes
[debug] &amp#27;[35m[ADB]&amp#27;[39m Running 'C:\Users\ajayr\AppData\Local\Android\sdk\platform-tools\adb.exe -P 5037 -s emulator-5554 shell 'pgrep --help; echo $?''
[debug] &amp#27;[35m[ADB]&amp#27;[39m Running 'C:\Users\ajayr\AppData\Local\Android\sdk\platform-tools\adb.exe -P 5037 -s emulator-5554 shell pgrep \^appium\\.settings\$'
[debug] &amp#27;[35m[AndroidDriver]&amp#27;[39m io.appium.settings is already running. There is no need to reset its permissions.
[debug] &amp#27;[35m[ADB]&amp#27;[39m Running 'C:\Users\ajayr\AppData\Local\Android\sdk\platform-tools\adb.exe -P 5037 -s emulator-5554 shell appops set io.appium.settings android\:mock_location allow'
[debug] &amp#27;[35m[Logcat]&amp#27;[39m Starting logcat capture
[debug] &amp#27;[35m[UiAutomator2]&amp#27;[39m Forwarding UiAutomator2 Server port 6790 to 8230
[debug] &amp#27;[35m[ADB]&amp#27;[39m Forwarding system: 8230 to device: 6790
[debug] &amp#27;[35m[ADB]&amp#27;[39m Running 'C:\Users\ajayr\AppData\Local\Android\sdk\platform-tools\adb.exe -P 5037 -s emulator-5554 forward tcp\:8230 tcp\:6790'
[debug] &amp#27;[35m[ADB]&amp#27;[39m Getting install status for io.appium.uiautomator2.server
[debug] &amp#27;[35m[ADB]&amp#27;[39m Running 'C:\Users\ajayr\AppData\Local\Android\sdk\platform-tools\adb.exe -P 5037 -s emulator-5554 shell dumpsys package io.appium.uiautomator2.server'
[debug] &amp#27;[35m[ADB]&amp#27;[39m 'io.appium.uiautomator2.server' is installed
[debug] &amp#27;[35m[ADB]&amp#27;[39m Getting package info for 'io.appium.uiautomator2.server'
[debug] &amp#27;[35m[ADB]&amp#27;[39m Running 'C:\Users\ajayr\AppData\Local\Android\sdk\platform-tools\adb.exe -P 5037 -s emulator-5554 shell dumpsys package io.appium.uiautomator2.server'
[debug] &amp#27;[35m[ADB]&amp#27;[39m The version name of the installed 'io.appium.uiautomator2.server' is greater or equal to the application version name ('4.5.2' >= '4.5.2')
[debug] &amp#27;[35m[UiAutomator2]&amp#27;[39m io.appium.uiautomator2.server installation state: sameVersionInstalled
[debug] &amp#27;[35m[ADB]&amp#27;[39m Checking app cert for C:\Users\ajayr\AppData\Roaming\npm\node_modules\appium\node_modules\appium-uiautomator2-server\apks\appium-uiautomator2-server-v4.5.2.apk
&amp#27;[35m[ADB]&amp#27;[39m Using 'apksigner.bat' from 'C:\Users\ajayr\AppData\Local\Android\sdk\build-tools\29.0.3\apksigner.bat'
[debug] &amp#27;[35m[ADB]&amp#27;[39m Starting 'C:\Users\ajayr\AppData\Local\Android\sdk\build-tools\29.0.3\apksigner.bat' with args '["verify","--print-certs","C:\\Users\\ajayr\\AppData\\Roaming\\npm\\node_modules\\appium\\node_modules\\appium-uiautomator2-server\\apks\\appium-uiautomator2-server-v4.5.2.apk"]'
[debug] &amp#27;[35m[ADB]&amp#27;[39m apksigner stdout: Signer #1 certificate DN: EMAILADDRESS=android@android.com, CN=Android, OU=Android, O=Android, L=Mountain View, ST=California, C=US
[debug] &amp#27;[35m[ADB]&amp#27;[39m Signer #1 certificate SHA-256 digest: a40da80a59d170caa950cf15c18c454d47a39b26989d8b640ecd745ba71bf5dc
[debug] &amp#27;[35m[ADB]&amp#27;[39m Signer #1 certificate SHA-1 digest: 61ed377e85d386a8dfee6b864bd85b0bfaa5af81
[debug] &amp#27;[35m[ADB]&amp#27;[39m Signer #1 certificate MD5 digest: e89b158e4bcf988ebd09eb83f5378e87
[debug] &amp#27;[35m[ADB]&amp#27;[39m 
[debug] &amp#27;[35m[ADB]&amp#27;[39m 'C:\Users\ajayr\AppData\Roaming\npm\node_modules\appium\node_modules\appium-uiautomator2-server\apks\appium-uiautomator2-server-v4.5.2.apk' is already signed.
[debug] &amp#27;[35m[ADB]&amp#27;[39m Getting install status for io.appium.uiautomator2.server.test
[debug] &amp#27;[35m[ADB]&amp#27;[39m Running 'C:\Users\ajayr\AppData\Local\Android\sdk\platform-tools\adb.exe -P 5037 -s emulator-5554 shell dumpsys package io.appium.uiautomator2.server.test'
[debug] &amp#27;[35m[ADB]&amp#27;[39m 'io.appium.uiautomator2.server.test' is installed
[debug] &amp#27;[35m[ADB]&amp#27;[39m Checking app cert for C:\Users\ajayr\AppData\Roaming\npm\node_modules\appium\node_modules\appium-uiautomator2-server\apks\appium-uiautomator2-server-debug-androidTest.apk
[debug] &amp#27;[35m[ADB]&amp#27;[39m Starting 'C:\Users\ajayr\AppData\Local\Android\sdk\build-tools\29.0.3\apksigner.bat' with args '["verify","--print-certs","C:\\Users\\ajayr\\AppData\\Roaming\\npm\\node_modules\\appium\\node_modules\\appium-uiautomator2-server\\apks\\appium-uiautomator2-server-debug-androidTest.apk"]'
[debug] &amp#27;[35m[ADB]&amp#27;[39m apksigner stdout: Signer #1 certificate DN: EMAILADDRESS=android@android.com, CN=Android, OU=Android, O=Android, L=Mountain View, ST=California, C=US
[debug] &amp#27;[35m[ADB]&amp#27;[39m Signer #1 certificate SHA-256 digest: a40da80a59d170caa950cf15c18c454d47a39b26989d8b640ecd745ba71bf5dc
[debug] &amp#27;[35m[ADB]&amp#27;[39m Signer #1 certificate SHA-1 digest: 61ed377e85d386a8dfee6b864bd85b0bfaa5af81
[debug] &amp#27;[35m[ADB]&amp#27;[39m Signer #1 certificate MD5 digest: e89b158e4bcf988ebd09eb83f5378e87
[debug] &amp#27;[35m[ADB]&amp#27;[39m 
[debug] &amp#27;[35m[ADB]&amp#27;[39m 'C:\Users\ajayr\AppData\Roaming\npm\node_modules\appium\node_modules\appium-uiautomator2-server\apks\appium-uiautomator2-server-debug-androidTest.apk' is already signed.
&amp#27;[35m[UiAutomator2]&amp#27;[39m Server packages are not going to be (re)installed
[debug] &amp#27;[35m[UiAutomator2]&amp#27;[39m Waiting up to 30000ms for services to be available
[debug] &amp#27;[35m[ADB]&amp#27;[39m Running 'C:\Users\ajayr\AppData\Local\Android\sdk\platform-tools\adb.exe -P 5037 -s emulator-5554 shell pm list instrumentation'
[debug] &amp#27;[35m[UiAutomator2]&amp#27;[39m Instrumentation target 'io.appium.uiautomator2.server.test/androidx.test.runner.AndroidJUnitRunner' is available
[debug] &amp#27;[35m[ADB]&amp#27;[39m Checking app cert for C:\eclipseprojects\MobileTestingFramework\AppToTest\General-Store.apk
[debug] &amp#27;[35m[ADB]&amp#27;[39m Starting 'C:\Users\ajayr\AppData\Local\Android\sdk\build-tools\29.0.3\apksigner.bat' with args '["verify","--print-certs","C:\\eclipseprojects\\MobileTestingFramework\\AppToTest\\General-Store.apk"]'
[debug] &amp#27;[35m[ADB]&amp#27;[39m apksigner stdout: Signer #1 certificate DN: EMAILADDRESS=android@android.com, CN=Android, OU=Android, O=Android, L=Mountain View, ST=California, C=US
[debug] &amp#27;[35m[ADB]&amp#27;[39m Signer #1 certificate SHA-256 digest: a40da80a59d170caa950cf15c18c454d47a39b26989d8b640ecd745ba71bf5dc
[debug] &amp#27;[35m[ADB]&amp#27;[39m Signer #1 certificate SHA-1 digest: 61ed377e85d386a8dfee6b864bd85b0bfaa5af81
[debug] &amp#27;[35m[ADB]&amp#27;[39m Signer #1 certificate MD5 digest: e89b158e4bcf988ebd09eb83f5378e87
[debug] &amp#27;[35m[ADB]&amp#27;[39m 
[debug] &amp#27;[35m[ADB]&amp#27;[39m 'C:\eclipseprojects\MobileTestingFramework\AppToTest\General-Store.apk' is already signed.
[debug] &amp#27;[35m[ADB]&amp#27;[39m Getting install status for com.androidsample.generalstore
[debug] &amp#27;[35m[ADB]&amp#27;[39m Running 'C:\Users\ajayr\AppData\Local\Android\sdk\platform-tools\adb.exe -P 5037 -s emulator-5554 shell dumpsys package com.androidsample.generalstore'
[debug] &amp#27;[35m[ADB]&amp#27;[39m 'com.androidsample.generalstore' is installed
[debug] &amp#27;[35m[ADB]&amp#27;[39m Getting package info for 'com.androidsample.generalstore'
[debug] &amp#27;[35m[ADB]&amp#27;[39m Running 'C:\Users\ajayr\AppData\Local\Android\sdk\platform-tools\adb.exe -P 5037 -s emulator-5554 shell dumpsys package com.androidsample.generalstore'
[debug] &amp#27;[35m[ADB]&amp#27;[39m The version name of the installed 'com.androidsample.generalstore' is greater or equal to the application version name ('1.0.0' >= '1.0.0')
[debug] &amp#27;[35m[ADB]&amp#27;[39m There is no need to install/upgrade 'C:\eclipseprojects\MobileTestingFramework\AppToTest\General-Store.apk'
&amp#27;[35m[AndroidDriver]&amp#27;[39m Performing fast reset on 'com.androidsample.generalstore'
[debug] &amp#27;[35m[ADB]&amp#27;[39m Getting install status for com.androidsample.generalstore
[debug] &amp#27;[35m[ADB]&amp#27;[39m Running 'C:\Users\ajayr\AppData\Local\Android\sdk\platform-tools\adb.exe -P 5037 -s emulator-5554 shell dumpsys package com.androidsample.generalstore'
[debug] &amp#27;[35m[ADB]&amp#27;[39m 'com.androidsample.generalstore' is installed
[debug] &amp#27;[35m[ADB]&amp#27;[39m Running 'C:\Users\ajayr\AppData\Local\Android\sdk\platform-tools\adb.exe -P 5037 -s emulator-5554 shell am force-stop com.androidsample.generalstore'
[debug] &amp#27;[35m[ADB]&amp#27;[39m Running 'C:\Users\ajayr\AppData\Local\Android\sdk\platform-tools\adb.exe -P 5037 -s emulator-5554 shell pm clear com.androidsample.generalstore'
[debug] &amp#27;[35m[AndroidDriver]&amp#27;[39m Performed fast reset on the installed 'com.androidsample.generalstore' application (stop and clear)
[debug] &amp#27;[35m[UiAutomator2]&amp#27;[39m Performing shallow cleanup of automation leftovers
[debug] &amp#27;[35m[UiAutomator2]&amp#27;[39m The following obsolete sessions are still running: ["5b7e6e58-7e06-49e7-94cf-ad71411bd2fa"]
[debug] &amp#27;[35m[UiAutomator2]&amp#27;[39m Cleaning up the obsolete sessions
[debug] &amp#27;[35m[ADB]&amp#27;[39m Running 'C:\Users\ajayr\AppData\Local\Android\sdk\platform-tools\adb.exe -P 5037 -s emulator-5554 shell am force-stop io.appium.uiautomator2.server.test'
&amp#27;[35m[UiAutomator2]&amp#27;[39m Starting UIAutomator2 server 4.5.2
&amp#27;[35m[UiAutomator2]&amp#27;[39m Using UIAutomator2 server from 'C:\Users\ajayr\AppData\Roaming\npm\node_modules\appium\node_modules\appium-uiautomator2-server\apks\appium-uiautomator2-server-v4.5.2.apk' and test from 'C:\Users\ajayr\AppData\Roaming\npm\node_modules\appium\node_modules\appium-uiautomator2-server\apks\appium-uiautomator2-server-debug-androidTest.apk'
&amp#27;[35m[UiAutomator2]&amp#27;[39m Waiting up to 30000ms for UiAutomator2 to be online...
[debug] &amp#27;[35m[ADB]&amp#27;[39m Creating ADB subprocess with args: ["-P",5037,"-s","emulator-5554","shell","am","instrument","-w","io.appium.uiautomator2.server.test/androidx.test.runner.AndroidJUnitRunner"]
[debug] &amp#27;[35m[WD Proxy]&amp#27;[39m Matched '/status' to command name 'getStatus'
[debug] &amp#27;[35m[WD Proxy]&amp#27;[39m Proxying [GET /status] to [GET http://127.0.0.1:8230/wd/hub/status] with no body
&amp#27;[35m[WD Proxy]&amp#27;[39m Got an unexpected response with status undefined: {"code":"ECONNRESET"}
[debug] &amp#27;[35m[Instrumentation]&amp#27;[39m io.appium.uiautomator2.server.test.AppiumUiAutomator2Server:
[debug] &amp#27;[35m[WD Proxy]&amp#27;[39m Matched '/status' to command name 'getStatus'
[debug] &amp#27;[35m[WD Proxy]&amp#27;[39m Proxying [GET /status] to [GET http://127.0.0.1:8230/wd/hub/status] with no body
&amp#27;[35m[WD Proxy]&amp#27;[39m Got an unexpected response with status undefined: {"code":"ECONNRESET"}
[debug] &amp#27;[35m[WD Proxy]&amp#27;[39m Matched '/status' to command name 'getStatus'
[debug] &amp#27;[35m[WD Proxy]&amp#27;[39m Proxying [GET /status] to [GET http://127.0.0.1:8230/wd/hub/status] with no body
[debug] &amp#27;[35m[WD Proxy]&amp#27;[39m Got response with status 200: {"sessionId":"None","value":{"ready":true,"message":"UiAutomator2 Server is ready to accept commands"}}
[debug] &amp#27;[35m[UiAutomator2]&amp#27;[39m The initialization of the instrumentation process took 3073ms
[debug] &amp#27;[35m[WD Proxy]&amp#27;[39m Matched '/session' to command name 'createSession'
[debug] &amp#27;[35m[WD Proxy]&amp#27;[39m Proxying [POST /session] to [POST http://127.0.0.1:8230/wd/hub/session] with body: {"capabilities":{"firstMatch":[{"platform":"LINUX","webStorageEnabled":false,"takesScreenshot":true,"javascriptEnabled":true,"databaseEnabled":false,"networkConnectionEnabled":true,"locationContextEnabled":false,"warnings":{},"desired":{"platformName":"android","app":"C:\\eclipseprojects\\MobileTestingFramework\\AppToTest\\General-Store.apk","automationName":"uiautomator2","deviceName":"AjayEmulator","newCommandTimeout":10},"platformName":"android","app":"C:\\eclipseprojects\\MobileTestingFramework\\AppToTest\\General-Store.apk","automationName":"uiautomator2","deviceName":"emulator-5554","newCommandTimeout":10,"deviceUDID":"emulator-5554","appPackage":"com.androidsample.generalstore"}],"alwaysMatch":{}}}
[debug] &amp#27;[35m[WD Proxy]&amp#27;[39m Got response with status 200: {"sessionId":"06033192-11c3-430c-9ab3-8d34b2719d08","value":{"sessionId":"06033192-11c3-430c-9ab3-8d34b2719d08","capabilities":{"firstMatch":[{"platform":"LINUX","webStorageEnabled":false,"takesScreenshot":true,"javascriptEnabled":true,"databaseEnabled":false,"networkConnectionEnabled":true,"locationContextEnabled":false,"warnings":{},"desired":{"platformName":"android","app":"C:\\eclipseprojects\\MobileTestingFramework\\AppToTest\\General-Store.apk","automationName":"uiautomator2","deviceName":"AjayEmulator","newCommandTimeout":10},"platformName":"android","app":"C:\\eclipseprojects\\MobileTestingFramework\\AppToTest\\General-Store.apk","automationName":"uiautomator2","deviceName":"emulator-5554","newCommandTimeout":10,"deviceUDID":"emulator-5554","appPackage":"com.androidsample.generalstore"}],"alwaysMatch":{}}}}
&amp#27;[35m[WD Proxy]&amp#27;[39m Determined the downstream protocol as 'W3C'
[debug] &amp#27;[35m[WD Proxy]&amp#27;[39m Proxying [GET /appium/device/info] to [GET http://127.0.0.1:8230/wd/hub/session/06033192-11c3-430c-9ab3-8d34b2719d08/appium/device/info] with no body
[debug] &amp#27;[35m[WD Proxy]&amp#27;[39m Got response with status 200: {"sessionId":"06033192-11c3-430c-9ab3-8d34b2719d08","value":{"androidId":"7107a83e69c53953","manufacturer":"Google","model":"Android SDK built for x86","brand":"google","apiVersion":"25","platformVersion":"7.1.1","carrierName":"Android","realDisplaySize":"1080x1920","displayDensity":420,"networks":[{"type":1,"typeName":"WIFI","subtype":0,"subtypeName":"","isConnected":true,"detailedState":"CONNECTED","state":"CONNECTED","extraInfo":"\"AndroidWifi\"","isAvailable":true,"isFailover":false,"isRoaming":false,"capabilities":{"transportTypes":"TRANSPORT_WIFI","networkCapabilities":"NET_CAPABILITY_NOT_METERED,NET_CAPABILITY_NOT_RESTRICTED,NET_CAPABILITY_NOT_VPN,NET_CAPABILITY_NOT_ROAMING,NET_CAPABILITY_INTERNET,NET_CAPABILITY_TRUSTED,NET_CAPABILITY_VALIDATED","linkUpstreamBandwidthKbps":1048576,"linkDownBandwidthKbps":1048576,"signalStrength":-50,"networkSpecifier":null,"SSID":null}}],"locale":"en_US","timeZone":"Australia\/Sydney","bluetooth":null}}
[debug] &amp#27;[35m[ADB]&amp#27;[39m Running 'C:\Users\ajayr\AppData\Local\Android\sdk\platform-tools\adb.exe -P 5037 -s emulator-5554 shell dumpsys window'
&amp#27;[35m[AndroidDriver]&amp#27;[39m Screen already unlocked, doing nothing
&amp#27;[35m[UiAutomator2]&amp#27;[39m Starting 'com.androidsample.generalstore/com.androidsample.generalstore.SplashActivity and waiting for 'com.androidsample.generalstore/com.androidsample.generalstore.SplashActivity'
[debug] &amp#27;[35m[ADB]&amp#27;[39m Running 'C:\Users\ajayr\AppData\Local\Android\sdk\platform-tools\adb.exe -P 5037 -s emulator-5554 shell am start -W -n com.androidsample.generalstore/com.androidsample.generalstore.SplashActivity -S -a android.intent.action.MAIN -c android.intent.category.LAUNCHER -f 0x10200000'
[debug] &amp#27;[35m[ADB]&amp#27;[39m Waiting up to 20000ms for activity matching pkg: 'com.androidsample.generalstore' and activity: 'com.androidsample.generalstore.SplashActivity' to be focused
[debug] &amp#27;[35m[ADB]&amp#27;[39m Possible activities, to be checked: 'com.androidsample.generalstore.SplashActivity', 'com.androidsample.generalstore.com.androidsample.generalstore.SplashActivity'
[debug] &amp#27;[35m[ADB]&amp#27;[39m Getting focused package and activity
[debug] &amp#27;[35m[ADB]&amp#27;[39m Running 'C:\Users\ajayr\AppData\Local\Android\sdk\platform-tools\adb.exe -P 5037 -s emulator-5554 shell dumpsys window windows'
[debug] &amp#27;[35m[ADB]&amp#27;[39m Found package: 'com.androidsample.generalstore' and fully qualified activity name : 'com.androidsample.generalstore.SplashActivity'
[debug] &amp#27;[35m[WD Proxy]&amp#27;[39m Proxying [GET /appium/device/pixel_ratio] to [GET http://127.0.0.1:8230/wd/hub/session/06033192-11c3-430c-9ab3-8d34b2719d08/appium/device/pixel_ratio] with body: {}
[debug] &amp#27;[35m[WD Proxy]&amp#27;[39m Got response with status 200: {"sessionId":"06033192-11c3-430c-9ab3-8d34b2719d08","value":2.625}
[debug] &amp#27;[35m[WD Proxy]&amp#27;[39m Matched '/appium/device/system_bars' to command name 'getSystemBars'
[debug] &amp#27;[35m[WD Proxy]&amp#27;[39m Proxying [GET /appium/device/system_bars] to [GET http://127.0.0.1:8230/wd/hub/session/06033192-11c3-430c-9ab3-8d34b2719d08/appium/device/system_bars] with body: {}
[debug] &amp#27;[35m[WD Proxy]&amp#27;[39m Got response with status 200: {"sessionId":"06033192-11c3-430c-9ab3-8d34b2719d08","value":{"statusBar":63}}
[debug] &amp#27;[35m[WD Proxy]&amp#27;[39m Matched '/window/current/size' to command name 'getWindowSize'
[debug] &amp#27;[35m[WD Proxy]&amp#27;[39m Proxying [GET /window/current/size] to [GET http://127.0.0.1:8230/wd/hub/session/06033192-11c3-430c-9ab3-8d34b2719d08/window/current/size] with body: {}
[debug] &amp#27;[35m[WD Proxy]&amp#27;[39m Got response with status 200: {"sessionId":"06033192-11c3-430c-9ab3-8d34b2719d08","value":{"height":1794,"width":1080}}
&amp#27;[35m[Appium]&amp#27;[39m New AndroidUiautomator2Driver session created successfully, session 3b24afd2-8db2-426e-92ac-6a09c70720fc added to master session list
[debug] &amp#27;[35m[BaseDriver]&amp#27;[39m Event 'newSessionStarted' logged at 1619062959167 (13:42:39 GMT+1000 (Australian Eastern Standard Time))
[debug] &amp#27;[35m[W3C (3b24afd2)]&amp#27;[39m Cached the protocol value 'W3C' for the new session 3b24afd2-8db2-426e-92ac-6a09c70720fc
[debug] &amp#27;[35m[W3C (3b24afd2)]&amp#27;[39m Responding to client with driver.createSession() result: {"capabilities":{"platform":"LINUX","webStorageEnabled":false,"takesScreenshot":true,"javascriptEnabled":true,"databaseEnabled":false,"networkConnectionEnabled":true,"locationContextEnabled":false,"warnings":{},"desired":{"platformName":"android","app":"C:\\eclipseprojects\\MobileTestingFramework\\AppToTest\\General-Store.apk","automationName":"uiautomator2","deviceName":"AjayEmulator","newCommandTimeout":10},"platformName":"android","app":"C:\\eclipseprojects\\MobileTestingFramework\\AppToTest\\General-Store.apk","automationName":"uiautomator2","deviceName":"emulator-5554","newCommandTimeout":10,"deviceUDID":"emulator-5554","appPackage":"com.androidsample.generalstore","deviceApiLevel":25,"platformVersion":"7.1.1","deviceScreenSize":"1080x1920","deviceScreenDensity":420,"deviceModel":"Android SDK built for x86","deviceManufacturer":"Google","pixelRatio":2.625,"statBarHeight":63,"viewportRect":{"left":0,"top":63,"width":1080,"height":1731}}}
&amp#27;[35m[HTTP]&amp#27;[39m &amp#27;[37m<-- POST /wd/hub/session &amp#27;[39m&amp#27;[32m200&amp#27;[39m &amp#27;[90m13837 ms - 1016&amp#27;[39m
&amp#27;[35m[HTTP]&amp#27;[39m &amp#27;[90m&amp#27;[39m
&amp#27;[35m[HTTP]&amp#27;[39m &amp#27;[37m-->&amp#27;[39m &amp#27;[37mGET&amp#27;[39m &amp#27;[37m/wd/hub/session/3b24afd2-8db2-426e-92ac-6a09c70720fc&amp#27;[39m
&amp#27;[35m[HTTP]&amp#27;[39m &amp#27;[90m{}&amp#27;[39m
[debug] &amp#27;[35m[W3C (3b24afd2)]&amp#27;[39m Calling AppiumDriver.getSession() with args: ["3b24afd2-8db2-426e-92ac-6a09c70720fc"]
[debug] &amp#27;[35m[UiAutomator2]&amp#27;[39m Getting session details from server to mix in
[debug] &amp#27;[35m[WD Proxy]&amp#27;[39m Matched '/' to command name 'getSession'
[debug] &amp#27;[35m[WD Proxy]&amp#27;[39m Proxying [GET /] to [GET http://127.0.0.1:8230/wd/hub/session/06033192-11c3-430c-9ab3-8d34b2719d08] with body: {}
[debug] &amp#27;[35m[WD Proxy]&amp#27;[39m Got response with status 200: {"sessionId":"06033192-11c3-430c-9ab3-8d34b2719d08","value":{}}
[debug] &amp#27;[35m[W3C (3b24afd2)]&amp#27;[39m Responding to client with driver.getSession() result: {"platform":"LINUX","webStorageEnabled":false,"takesScreenshot":true,"javascriptEnabled":true,"databaseEnabled":false,"networkConnectionEnabled":true,"locationContextEnabled":false,"warnings":{},"desired":{"platformName":"android","app":"C:\\eclipseprojects\\MobileTestingFramework\\AppToTest\\General-Store.apk","automationName":"uiautomator2","deviceName":"AjayEmulator","newCommandTimeout":10},"platformName":"android","app":"C:\\eclipseprojects\\MobileTestingFramework\\AppToTest\\General-Store.apk","automationName":"uiautomator2","deviceName":"emulator-5554","newCommandTimeout":10,"deviceUDID":"emulator-5554","appPackage":"com.androidsample.generalstore","deviceApiLevel":25,"platformVersion":"7.1.1","deviceScreenSize":"1080x1920","deviceScreenDensity":420,"deviceModel":"Android SDK built for x86","deviceManufacturer":"Google","pixelRatio":2.625,"statBarHeight":63,"viewportRect":{"left":0,"top":63,"width":1080,"height":1731}}
&amp#27;[35m[HTTP]&amp#27;[39m &amp#27;[37m<-- GET /wd/hub/session/3b24afd2-8db2-426e-92ac-6a09c70720fc &amp#27;[39m&amp#27;[32m200&amp#27;[39m &amp#27;[90m15 ms - 948&amp#27;[39m
&amp#27;[35m[HTTP]&amp#27;[39m &amp#27;[90m&amp#27;[39m
&amp#27;[35m[HTTP]&amp#27;[39m &amp#27;[37m-->&amp#27;[39m &amp#27;[37mGET&amp#27;[39m &amp#27;[37m/wd/hub/session/3b24afd2-8db2-426e-92ac-6a09c70720fc&amp#27;[39m
&amp#27;[35m[HTTP]&amp#27;[39m &amp#27;[90m{}&amp#27;[39m
[debug] &amp#27;[35m[W3C (3b24afd2)]&amp#27;[39m Calling AppiumDriver.getSession() with args: ["3b24afd2-8db2-426e-92ac-6a09c70720fc"]
[debug] &amp#27;[35m[UiAutomator2]&amp#27;[39m Getting session details from server to mix in
[debug] &amp#27;[35m[WD Proxy]&amp#27;[39m Matched '/' to command name 'getSession'
[debug] &amp#27;[35m[WD Proxy]&amp#27;[39m Proxying [GET /] to [GET http://127.0.0.1:8230/wd/hub/session/06033192-11c3-430c-9ab3-8d34b2719d08] with body: {}
[debug] &amp#27;[35m[WD Proxy]&amp#27;[39m Got response with status 200: {"sessionId":"06033192-11c3-430c-9ab3-8d34b2719d08","value":{}}
[debug] &amp#27;[35m[W3C (3b24afd2)]&amp#27;[39m Responding to client with driver.getSession() result: {"platform":"LINUX","webStorageEnabled":false,"takesScreenshot":true,"javascriptEnabled":true,"databaseEnabled":false,"networkConnectionEnabled":true,"locationContextEnabled":false,"warnings":{},"desired":{"platformName":"android","app":"C:\\eclipseprojects\\MobileTestingFramework\\AppToTest\\General-Store.apk","automationName":"uiautomator2","deviceName":"AjayEmulator","newCommandTimeout":10},"platformName":"android","app":"C:\\eclipseprojects\\MobileTestingFramework\\AppToTest\\General-Store.apk","automationName":"uiautomator2","deviceName":"emulator-5554","newCommandTimeout":10,"deviceUDID":"emulator-5554","appPackage":"com.androidsample.generalstore","deviceApiLevel":25,"platformVersion":"7.1.1","deviceScreenSize":"1080x1920","deviceScreenDensity":420,"deviceModel":"Android SDK built for x86","deviceManufacturer":"Google","pixelRatio":2.625,"statBarHeight":63,"viewportRect":{"left":0,"top":63,"width":1080,"height":1731}}
&amp#27;[35m[HTTP]&amp#27;[39m &amp#27;[37m<-- GET /wd/hub/session/3b24afd2-8db2-426e-92ac-6a09c70720fc &amp#27;[39m&amp#27;[32m200&amp#27;[39m &amp#27;[90m13 ms - 948&amp#27;[39m
&amp#27;[35m[HTTP]&amp#27;[39m &amp#27;[90m&amp#27;[39m
&amp#27;[35m[HTTP]&amp#27;[39m &amp#27;[37m-->&amp#27;[39m &amp#27;[37mPOST&amp#27;[39m &amp#27;[37m/wd/hub/session/3b24afd2-8db2-426e-92ac-6a09c70720fc/timeouts&amp#27;[39m
&amp#27;[35m[HTTP]&amp#27;[39m &amp#27;[90m{"implicit":10000}&amp#27;[39m
[debug] &amp#27;[35m[W3C (3b24afd2)]&amp#27;[39m Calling AppiumDriver.timeouts() with args: [null,null,null,null,10000,"3b24afd2-8db2-426e-92ac-6a09c70720fc"]
[debug] &amp#27;[35m[BaseDriver]&amp#27;[39m W3C timeout argument: {"implicit":10000}}
[debug] &amp#27;[35m[BaseDriver]&amp#27;[39m Set implicit wait to 10000ms
[debug] &amp#27;[35m[W3C (3b24afd2)]&amp#27;[39m Responding to client with driver.timeouts() result: null
&amp#27;[35m[HTTP]&amp#27;[39m &amp#27;[37m<-- POST /wd/hub/session/3b24afd2-8db2-426e-92ac-6a09c70720fc/timeouts &amp#27;[39m&amp#27;[32m200&amp#27;[39m &amp#27;[90m5 ms - 14&amp#27;[39m
&amp#27;[35m[HTTP]&amp#27;[39m &amp#27;[90m&amp#27;[39m
]]></system-out>
    <system-err><![CDATA[Apr 22, 2021 1:42:39 PM io.appium.java_client.remote.AppiumCommandExecutor$1 lambda$0
INFO: Detected dialect: W3C
]]></system-err>
  </testcase>
  <testcase name="ApiDemoTest" classname="com.appiumframework.testcases.ApiDemoTestPageObject" time="30.64"/>
  <testcase name="ApiDemoTest" classname="com.appiumframework.testcases.ApiDemoTestPageObject" time="33.75"/>
</testsuite>