<?xml version="1.0" encoding="UTF-8"?>
<testng-results skipped="1" failed="0" total="5" passed="4">
  <reporter-output>
  </reporter-output>
  <suite name="Suite" duration-ms="166359" started-at="2021-04-22T00:40:00Z" finished-at="2021-04-22T00:42:46Z">
    <groups>
    </groups>
    <test name="Test" duration-ms="166359" started-at="2021-04-22T00:40:00Z" finished-at="2021-04-22T00:42:46Z">
      <class name="com.appiumframework.testcases.ApiDemoTestPageObject">
        <test-method status="PASS" signature="KillAllNodesAndInitReport()[pri:0, instance:com.appiumframework.testcases.ApiDemoTestPageObject@2ca26d77]" name="KillAllNodesAndInitReport" is-config="true" duration-ms="5033" started-at="2021-04-22T10:40:00Z" finished-at="2021-04-22T10:40:05Z">
          <reporter-output>
          </reporter-output>
        </test-method> <!-- KillAllNodesAndInitReport -->
        <test-method status="PASS" signature="ApiDemoTest(java.lang.String)[pri:0, instance:com.appiumframework.testcases.ApiDemoTestPageObject@2ca26d77]" name="ApiDemoTest" duration-ms="29164" started-at="2021-04-22T10:41:43Z" data-provider="InputData" finished-at="2021-04-22T10:42:13Z">
          <params>
            <param index="0">
              <value>
                <![CDATA[Ajay]]>
              </value>
            </param>
          </params>
          <reporter-output>
          </reporter-output>
        </test-method> <!-- ApiDemoTest -->
        <test-method status="PASS" signature="ApiDemoTest(java.lang.String)[pri:0, instance:com.appiumframework.testcases.ApiDemoTestPageObject@2ca26d77]" name="ApiDemoTest" duration-ms="33532" started-at="2021-04-22T10:42:13Z" data-provider="InputData" finished-at="2021-04-22T10:42:46Z">
          <params>
            <param index="0">
              <value>
                <![CDATA[!@#$%]]>
              </value>
            </param>
          </params>
          <reporter-output>
          </reporter-output>
        </test-method> <!-- ApiDemoTest -->
      </class> <!-- com.appiumframework.testcases.ApiDemoTestPageObject -->
      <class name="com.appiumframework.testcases.ProductsPriceValidation">
        <test-method status="PASS" signature="priceValidationTest(java.util.Hashtable)[pri:0, instance:com.appiumframework.testcases.ProductsPriceValidation@19b843ba]" name="priceValidationTest" duration-ms="38220" started-at="2021-04-22T10:40:05Z" data-provider="data" finished-at="2021-04-22T10:40:43Z">
          <params>
            <param index="0">
              <value>
                <![CDATA[{name=Tom, Runmode=Y, country=Australia}]]>
              </value>
            </param>
          </params>
          <reporter-output>
          </reporter-output>
        </test-method> <!-- priceValidationTest -->
        <test-method status="PASS" signature="priceValidationTest(java.util.Hashtable)[pri:0, instance:com.appiumframework.testcases.ProductsPriceValidation@19b843ba]" name="priceValidationTest" duration-ms="38146" started-at="2021-04-22T10:40:43Z" data-provider="data" finished-at="2021-04-22T10:41:21Z">
          <params>
            <param index="0">
              <value>
                <![CDATA[{name=San, Runmode=Y, country=Argentina}]]>
              </value>
            </param>
          </params>
          <reporter-output>
          </reporter-output>
        </test-method> <!-- priceValidationTest -->
        <test-method status="SKIP" signature="priceValidationTest(java.util.Hashtable)[pri:0, instance:com.appiumframework.testcases.ProductsPriceValidation@19b843ba]" name="priceValidationTest" duration-ms="22233" started-at="2021-04-22T10:41:21Z" data-provider="data" finished-at="2021-04-22T10:41:43Z">
          <params>
            <param index="0">
              <value>
                <![CDATA[{name=Smith, Runmode=N, country=Toom}]]>
              </value>
            </param>
          </params>
          <exception class="org.testng.SkipException">
            <message>
              <![CDATA[Test skipped since rumode is N]]>
            </message>
            <full-stacktrace>
              <![CDATA[org.testng.SkipException: Test skipped since rumode is N
	at com.appiumframework.testcases.ProductsPriceValidation.priceValidationTest(ProductsPriceValidation.java:39)
	at sun.reflect.NativeMethodAccessorImpl.invoke0(Native Method)
	at sun.reflect.NativeMethodAccessorImpl.invoke(NativeMethodAccessorImpl.java:62)
	at sun.reflect.DelegatingMethodAccessorImpl.invoke(DelegatingMethodAccessorImpl.java:43)
	at java.lang.reflect.Method.invoke(Method.java:498)
	at org.testng.internal.MethodInvocationHelper.invokeMethod(MethodInvocationHelper.java:80)
	at org.testng.internal.Invoker.invokeMethod(Invoker.java:715)
	at org.testng.internal.Invoker.invokeTestMethod(Invoker.java:907)
	at org.testng.internal.Invoker.invokeTestMethods(Invoker.java:1237)
	at org.testng.internal.TestMethodWorker.invokeTestMethods(TestMethodWorker.java:127)
	at org.testng.internal.TestMethodWorker.run(TestMethodWorker.java:111)
	at org.testng.TestRunner.privateRun(TestRunner.java:767)
	at org.testng.TestRunner.run(TestRunner.java:617)
	at org.testng.SuiteRunner.runTest(SuiteRunner.java:334)
	at org.testng.SuiteRunner.runSequentially(SuiteRunner.java:329)
	at org.testng.SuiteRunner.privateRun(SuiteRunner.java:291)
	at org.testng.SuiteRunner.run(SuiteRunner.java:240)
	at org.testng.SuiteRunnerWorker.runSuite(SuiteRunnerWorker.java:51)
	at org.testng.SuiteRunnerWorker.run(SuiteRunnerWorker.java:85)
	at org.testng.TestNG.runSuitesSequentially(TestNG.java:1197)
	at org.testng.TestNG.runSuitesLocally(TestNG.java:1122)
	at org.testng.TestNG.run(TestNG.java:1030)
	at org.testng.remote.AbstractRemoteTestNG.run(AbstractRemoteTestNG.java:115)
	at org.testng.remote.RemoteTestNG.initAndRun(RemoteTestNG.java:251)
	at org.testng.remote.RemoteTestNG.main(RemoteTestNG.java:77)
]]>
            </full-stacktrace>
          </exception> <!-- org.testng.SkipException -->
          <reporter-output>
          </reporter-output>
        </test-method> <!-- priceValidationTest -->
      </class> <!-- com.appiumframework.testcases.ProductsPriceValidation -->
    </test> <!-- Test -->
  </suite> <!-- Suite -->
</testng-results>
